<?xml version="1.0" encoding="UTF-8"?>
<testsuite name="Cucumber" time="75.891" tests="15" skipped="0" failures="0" errors="0">
<testcase classname="User Login" name="Verify valid login" time="17.752">
<system-out><![CDATA[
Given I am at Buggy login page..............................................passed
When I login Buggy with user: "test.user" and password: "Password1!"........passed
Then I should reach to user dashboard.......................................passed
And I should see the relevant user first name: "Ricky"......................passed
]]></system-out>
</testcase>
<testcase classname="User Login" name="Verify logout" time="5.221">
<system-out><![CDATA[
Given I am at Buggy login page..............................................passed
When I login Buggy with user: "test.user" and password: "Password1!"........passed
Then I should reach to user dashboard.......................................passed
And I should see the relevant user first name: "Ricky"......................passed
When I click on Logout......................................................passed
Then I should logged out successfully.......................................passed
]]></system-out>
</testcase>
<testcase classname="User Login" name="Verify invalid login - Example #1.1" time="3.289">
<system-out><![CDATA[
Given I am at Buggy login page..............................................passed
When I login Buggy with user: "invaliduser" and password: "invalidpassword".passed
Then I should see error message: "Invalid username/password"................passed
And I am still on Home page.................................................passed
]]></system-out>
</testcase>
<testcase classname="User Login" name="Verify invalid login - Example #1.2" time="2.634">
<system-out><![CDATA[
Given I am at Buggy login page..............................................passed
When I login Buggy with user: "test.user" and password: "invalidpassword"...passed
Then I should see error message: "Invalid username/password"................passed
And I am still on Home page.................................................passed
]]></system-out>
</testcase>
<testcase classname="User Login" name="Verify invalid login - Example #1.3" time="3.235">
<system-out><![CDATA[
Given I am at Buggy login page..............................................passed
When I login Buggy with user: "test.user" and password: ""..................passed
Then I should see error message: "Please fill out this field."..............passed
And I am still on Home page.................................................passed
]]></system-out>
</testcase>
<testcase classname="User Login" name="Verify invalid login - Example #1.4" time="2.658">
<system-out><![CDATA[
Given I am at Buggy login page..............................................passed
When I login Buggy with user: "invaliduser" and password: "Password1!"......passed
Then I should see error message: "Invalid username/password"................passed
And I am still on Home page.................................................passed
]]></system-out>
</testcase>
<testcase classname="User Login" name="Verify invalid login - Example #1.5" time="3.107">
<system-out><![CDATA[
Given I am at Buggy login page..............................................passed
When I login Buggy with user: "" and password: "Password1!".................passed
Then I should see error message: "Please fill out this field."..............passed
And I am still on Home page.................................................passed
]]></system-out>
</testcase>
<testcase classname="User Login" name="Verify invalid login - Example #1.6" time="3.115">
<system-out><![CDATA[
Given I am at Buggy login page..............................................passed
When I login Buggy with user: "" and password: ""...........................passed
Then I should see error message: "Please fill out this field."..............passed
And I am still on Home page.................................................passed
]]></system-out>
</testcase>
<testcase classname="User Registration" name="Verify valid registration - Example #1.1" time="10.453">
<system-out><![CDATA[
Given I am at Buggy register page...........................................passed
When I register with valid data.............................................passed
Then I should see the notification message: "Registration is successful"....passed
When I login with registered user...........................................passed
And I should see the relevant user first name: "John".......................passed
And I should see the valid user info under user profile page................passed
]]></system-out>
</testcase>
<testcase classname="User Registration" name="Verify registration with existing user - Example #1.1" time="4.106">
<system-out><![CDATA[
Given I am at Buggy register page...........................................passed
When I try to register with existing user...................................passed
Then I should see the error message: "User already exists"..................passed
]]></system-out>
</testcase>
<testcase classname="User Registration" name="Verify registration with existing user - Example #1.2" time="4.009">
<system-out><![CDATA[
Given I am at Buggy register page...........................................passed
When I try to register with existing user...................................passed
Then I should see the error message: "User already exists"..................passed
]]></system-out>
</testcase>
<testcase classname="User Registration" name="Verify registration with existing user - Example #1.3" time="3.981">
<system-out><![CDATA[
Given I am at Buggy register page...........................................passed
When I try to register with existing user...................................passed
Then I should see the error message: "User already exists"..................passed
]]></system-out>
</testcase>
<testcase classname="User Registration" name="Verify registration with existing user - Example #1.4" time="3.387">
<system-out><![CDATA[
Given I am at Buggy register page...........................................passed
When I try to register with existing user...................................passed
Then I should see the error message: "User already exists"..................passed
]]></system-out>
</testcase>
<testcase classname="User Registration" name="Verify registration with existing user - Example #1.5" time="3.895">
<system-out><![CDATA[
Given I am at Buggy register page...........................................passed
When I try to register with existing user...................................passed
Then I should see the error message: "User already exists"..................passed
]]></system-out>
</testcase>
<testcase classname="User Registration" name="Verify registration with existing user - Example #1.6" time="4.639">
<system-out><![CDATA[
Given I am at Buggy register page...........................................passed
When I try to register with existing user...................................passed
Then I should see the error message: "User already exists"..................passed
]]></system-out>
</testcase>
</testsuite>
