<?xml version="1.0" encoding="UTF-8"?>
<testsuite name="Cucumber" time="63.424" tests="15" skipped="0" failures="0" errors="0">
<testcase classname="User Login" name="Verify valid login" time="7.952">
<system-out><![CDATA[
Given I am at Buggy login page..............................................passed
When I login Buggy with user: "test.user" and password: "Password1!"........passed
Then I should reach to user dashboard.......................................passed
And I should see the relevant user first name: "Ricky"......................passed
]]></system-out>
</testcase>
<testcase classname="User Login" name="Verify logout" time="4.698">
<system-out><![CDATA[
Given I am at Buggy login page..............................................passed
When I login Buggy with user: "test.user" and password: "Password1!"........passed
Then I should reach to user dashboard.......................................passed
And I should see the relevant user first name: "Ricky"......................passed
When I click on Logout......................................................passed
Then I should logged out successfully.......................................passed
]]></system-out>
</testcase>
<testcase classname="User Login" name="Verify invalid login - Example #1.1" time="3.103">
<system-out><![CDATA[
Given I am at Buggy login page..............................................passed
When I login Buggy with user: "invaliduser" and password: "invalidpassword".passed
Then I should see error message: "Invalid username/password"................passed
And I am still on Home page.................................................passed
]]></system-out>
</testcase>
<testcase classname="User Login" name="Verify invalid login - Example #1.2" time="3.061">
<system-out><![CDATA[
Given I am at Buggy login page..............................................passed
When I login Buggy with user: "test.user" and password: "invalidpassword"...passed
Then I should see error message: "Invalid username/password"................passed
And I am still on Home page.................................................passed
]]></system-out>
</testcase>
<testcase classname="User Login" name="Verify invalid login - Example #1.3" time="2.349">
<system-out><![CDATA[
Given I am at Buggy login page..............................................passed
When I login Buggy with user: "test.user" and password: ""..................passed
Then I should see error message: "Please fill out this field."..............passed
And I am still on Home page.................................................passed
]]></system-out>
</testcase>
<testcase classname="User Login" name="Verify invalid login - Example #1.4" time="3.074">
<system-out><![CDATA[
Given I am at Buggy login page..............................................passed
When I login Buggy with user: "invaliduser" and password: "Password1!"......passed
Then I should see error message: "Invalid username/password"................passed
And I am still on Home page.................................................passed
]]></system-out>
</testcase>
<testcase classname="User Login" name="Verify invalid login - Example #1.5" time="2.319">
<system-out><![CDATA[
Given I am at Buggy login page..............................................passed
When I login Buggy with user: "" and password: "Password1!".................passed
Then I should see error message: "Please fill out this field."..............passed
And I am still on Home page.................................................passed
]]></system-out>
</testcase>
<testcase classname="User Login" name="Verify invalid login - Example #1.6" time="2.927">
<system-out><![CDATA[
Given I am at Buggy login page..............................................passed
When I login Buggy with user: "" and password: ""...........................passed
Then I should see error message: "Please fill out this field."..............passed
And I am still on Home page.................................................passed
]]></system-out>
</testcase>
<testcase classname="User Registration" name="Verify valid registration - Example #1.1" time="9.433">
<system-out><![CDATA[
Given I am at Buggy register page...........................................passed
When I register with valid data.............................................passed
Then I should see the notification message: "Registration is successful"....passed
When I login with registered user...........................................passed
And I should see the relevant user first name: "John".......................passed
And I should see the valid user info under user profile page................passed
]]></system-out>
</testcase>
<testcase classname="User Registration" name="Verify registration with existing user - Example #1.1" time="4.315">
<system-out><![CDATA[
Given I am at Buggy register page...........................................passed
When I try to register with existing user...................................passed
Then I should see the error message: "User already exists"..................passed
]]></system-out>
</testcase>
<testcase classname="User Registration" name="Verify registration with existing user - Example #1.2" time="4.321">
<system-out><![CDATA[
Given I am at Buggy register page...........................................passed
When I try to register with existing user...................................passed
Then I should see the error message: "User already exists"..................passed
]]></system-out>
</testcase>
<testcase classname="User Registration" name="Verify registration with existing user - Example #1.3" time="3.79">
<system-out><![CDATA[
Given I am at Buggy register page...........................................passed
When I try to register with existing user...................................passed
Then I should see the error message: "User already exists"..................passed
]]></system-out>
</testcase>
<testcase classname="User Registration" name="Verify registration with existing user - Example #1.4" time="4.285">
<system-out><![CDATA[
Given I am at Buggy register page...........................................passed
When I try to register with existing user...................................passed
Then I should see the error message: "User already exists"..................passed
]]></system-out>
</testcase>
<testcase classname="User Registration" name="Verify registration with existing user - Example #1.5" time="3.178">
<system-out><![CDATA[
Given I am at Buggy register page...........................................passed
When I try to register with existing user...................................passed
Then I should see the error message: "User already exists"..................passed
]]></system-out>
</testcase>
<testcase classname="User Registration" name="Verify registration with existing user - Example #1.6" time="4.262">
<system-out><![CDATA[
Given I am at Buggy register page...........................................passed
When I try to register with existing user...................................passed
Then I should see the error message: "User already exists"..................passed
]]></system-out>
</testcase>
</testsuite>
