<?xml version="1.0" encoding="UTF-8"?>
<testsuite name="Cucumber" time="74.04" tests="15" skipped="0" failures="0" errors="0">
<testcase classname="User Login" name="Verify valid login" time="21.134">
<system-out><![CDATA[
Given I am at Buggy login page..............................................passed
When I login Buggy with user: "test.user" and password: "Password1!"........passed
Then I should reach to user dashboard.......................................passed
And I should see the relevant user first name: "Ricky"......................passed
]]></system-out>
</testcase>
<testcase classname="User Login" name="Verify logout" time="4.381">
<system-out><![CDATA[
Given I am at Buggy login page..............................................passed
When I login Buggy with user: "test.user" and password: "Password1!"........passed
Then I should reach to user dashboard.......................................passed
And I should see the relevant user first name: "Ricky"......................passed
When I click on Logout......................................................passed
Then I should logged out successfully.......................................passed
]]></system-out>
</testcase>
<testcase classname="User Login" name="Verify invalid login - Example #1.1" time="3.146">
<system-out><![CDATA[
Given I am at Buggy login page..............................................passed
When I login Buggy with user: "invaliduser" and password: "invalidpassword".passed
Then I should see error message: "Invalid username/password"................passed
And I am still on Home page.................................................passed
]]></system-out>
</testcase>
<testcase classname="User Login" name="Verify invalid login - Example #1.2" time="3.125">
<system-out><![CDATA[
Given I am at Buggy login page..............................................passed
When I login Buggy with user: "test.user" and password: "invalidpassword"...passed
Then I should see error message: "Invalid username/password"................passed
And I am still on Home page.................................................passed
]]></system-out>
</testcase>
<testcase classname="User Login" name="Verify invalid login - Example #1.3" time="3.075">
<system-out><![CDATA[
Given I am at Buggy login page..............................................passed
When I login Buggy with user: "test.user" and password: ""..................passed
Then I should see error message: "Please fill out this field."..............passed
And I am still on Home page.................................................passed
]]></system-out>
</testcase>
<testcase classname="User Login" name="Verify invalid login - Example #1.4" time="2.594">
<system-out><![CDATA[
Given I am at Buggy login page..............................................passed
When I login Buggy with user: "invaliduser" and password: "Password1!"......passed
Then I should see error message: "Invalid username/password"................passed
And I am still on Home page.................................................passed
]]></system-out>
</testcase>
<testcase classname="User Login" name="Verify invalid login - Example #1.5" time="2.582">
<system-out><![CDATA[
Given I am at Buggy login page..............................................passed
When I login Buggy with user: "" and password: "Password1!".................passed
Then I should see error message: "Please fill out this field."..............passed
And I am still on Home page.................................................passed
]]></system-out>
</testcase>
<testcase classname="User Login" name="Verify invalid login - Example #1.6" time="3.074">
<system-out><![CDATA[
Given I am at Buggy login page..............................................passed
When I login Buggy with user: "" and password: ""...........................passed
Then I should see error message: "Please fill out this field."..............passed
And I am still on Home page.................................................passed
]]></system-out>
</testcase>
<testcase classname="User Registration" name="Verify valid registration - Example #1.1" time="8.984">
<system-out><![CDATA[
Given I am at Buggy register page...........................................passed
When I register with valid data.............................................passed
Then I should see the notification message: "Registration is successful"....passed
When I login with registered user...........................................passed
And I should see the relevant user first name: "John".......................passed
And I should see the valid user info under user profile page................passed
]]></system-out>
</testcase>
<testcase classname="User Registration" name="Verify registration with existing user - Example #1.1" time="3.892">
<system-out><![CDATA[
Given I am at Buggy register page...........................................passed
When I try to register with existing user...................................passed
Then I should see the error message: "User already exists"..................passed
]]></system-out>
</testcase>
<testcase classname="User Registration" name="Verify registration with existing user - Example #1.2" time="2.948">
<system-out><![CDATA[
Given I am at Buggy register page...........................................passed
When I try to register with existing user...................................passed
Then I should see the error message: "User already exists"..................passed
]]></system-out>
</testcase>
<testcase classname="User Registration" name="Verify registration with existing user - Example #1.3" time="3.94">
<system-out><![CDATA[
Given I am at Buggy register page...........................................passed
When I try to register with existing user...................................passed
Then I should see the error message: "User already exists"..................passed
]]></system-out>
</testcase>
<testcase classname="User Registration" name="Verify registration with existing user - Example #1.4" time="3.45">
<system-out><![CDATA[
Given I am at Buggy register page...........................................passed
When I try to register with existing user...................................passed
Then I should see the error message: "User already exists"..................passed
]]></system-out>
</testcase>
<testcase classname="User Registration" name="Verify registration with existing user - Example #1.5" time="3.381">
<system-out><![CDATA[
Given I am at Buggy register page...........................................passed
When I try to register with existing user...................................passed
Then I should see the error message: "User already exists"..................passed
]]></system-out>
</testcase>
<testcase classname="User Registration" name="Verify registration with existing user - Example #1.6" time="3.832">
<system-out><![CDATA[
Given I am at Buggy register page...........................................passed
When I try to register with existing user...................................passed
Then I should see the error message: "User already exists"..................passed
]]></system-out>
</testcase>
</testsuite>
