<?xml version="1.0" encoding="UTF-8"?>
<!-- Generated by org.testng.reporters.JUnitReportReporter -->
<testsuite hostname="fv-az713-652" failures="0" tests="15" name="org.justtestit.buggy.runner.TestNgRunner" time="75.656" errors="0" timestamp="2023-07-27T07:11:32 UTC" skipped="0">
  <testcase classname="org.justtestit.buggy.runner.TestNgRunner" name="runScenario" time="3.899"/>
  <system-out/>
  <testcase classname="org.justtestit.buggy.runner.TestNgRunner" name="runScenario" time="5.227"/>
  <system-out/>
  <testcase classname="org.justtestit.buggy.runner.TestNgRunner" name="runScenario" time="3.112"/>
  <system-out/>
  <testcase classname="org.justtestit.buggy.runner.TestNgRunner" name="runScenario" time="3.118"/>
  <system-out/>
  <testcase classname="org.justtestit.buggy.runner.TestNgRunner" name="runScenario" time="3.390"/>
  <system-out/>
  <testcase classname="org.justtestit.buggy.runner.TestNgRunner" name="runScenario" time="3.240"/>
  <system-out/>
  <testcase classname="org.justtestit.buggy.runner.TestNgRunner" name="runScenario" time="4.113"/>
  <system-out/>
  <testcase classname="org.justtestit.buggy.runner.TestNgRunner" name="runScenario" time="10.462"/>
  <system-out/>
  <testcase classname="org.justtestit.buggy.runner.TestNgRunner" name="runScenario" time="17.844"/>
  <system-out/>
  <testcase classname="org.justtestit.buggy.runner.TestNgRunner" name="runScenario" time="4.648"/>
  <system-out/>
  <testcase classname="org.justtestit.buggy.runner.TestNgRunner" name="runScenario" time="4.013"/>
  <system-out/>
  <testcase classname="org.justtestit.buggy.runner.TestNgRunner" name="runScenario" time="2.646"/>
  <system-out/>
  <testcase classname="org.justtestit.buggy.runner.TestNgRunner" name="runScenario" time="3.297"/>
  <system-out/>
  <testcase classname="org.justtestit.buggy.runner.TestNgRunner" name="runScenario" time="3.983"/>
  <system-out/>
  <testcase classname="org.justtestit.buggy.runner.TestNgRunner" name="runScenario" time="2.664"/>
  <system-out/>
</testsuite> <!-- org.justtestit.buggy.runner.TestNgRunner -->
