<?xml version="1.0" encoding="UTF-8"?>
<!-- Generated by org.testng.reporters.JUnitReportReporter -->
<testsuite hostname="fv-az1030-392" failures="0" tests="15" name="org.justtestit.buggy.runner.TestNgRunner" time="71.902" errors="0" timestamp="2023-07-25T03:18:48 UTC" skipped="0">
  <testcase classname="org.justtestit.buggy.runner.TestNgRunner" name="runScenario" time="11.123"/>
  <system-out/>
  <testcase classname="org.justtestit.buggy.runner.TestNgRunner" name="runScenario" time="4.737"/>
  <system-out/>
  <testcase classname="org.justtestit.buggy.runner.TestNgRunner" name="runScenario" time="3.212"/>
  <system-out/>
  <testcase classname="org.justtestit.buggy.runner.TestNgRunner" name="runScenario" time="3.156"/>
  <system-out/>
  <testcase classname="org.justtestit.buggy.runner.TestNgRunner" name="runScenario" time="10.381"/>
  <system-out/>
  <testcase classname="org.justtestit.buggy.runner.TestNgRunner" name="runScenario" time="3.708"/>
  <system-out/>
  <testcase classname="org.justtestit.buggy.runner.TestNgRunner" name="runScenario" time="3.349"/>
  <system-out/>
  <testcase classname="org.justtestit.buggy.runner.TestNgRunner" name="runScenario" time="3.482"/>
  <system-out/>
  <testcase classname="org.justtestit.buggy.runner.TestNgRunner" name="runScenario" time="3.297"/>
  <system-out/>
  <testcase classname="org.justtestit.buggy.runner.TestNgRunner" name="runScenario" time="5.686"/>
  <system-out/>
  <testcase classname="org.justtestit.buggy.runner.TestNgRunner" name="runScenario" time="4.738"/>
  <system-out/>
  <testcase classname="org.justtestit.buggy.runner.TestNgRunner" name="runScenario" time="4.615"/>
  <system-out/>
  <testcase classname="org.justtestit.buggy.runner.TestNgRunner" name="runScenario" time="3.399"/>
  <system-out/>
  <testcase classname="org.justtestit.buggy.runner.TestNgRunner" name="runScenario" time="2.862"/>
  <system-out/>
  <testcase classname="org.justtestit.buggy.runner.TestNgRunner" name="runScenario" time="4.157"/>
  <system-out/>
</testsuite> <!-- org.justtestit.buggy.runner.TestNgRunner -->
