<?xml version="1.0" encoding="UTF-8"?>
<!-- Generated by org.testng.reporters.JUnitReportReporter -->
<testsuite hostname="fv-az565-212" failures="0" tests="15" name="org.justtestit.buggy.runner.TestNgRunner" time="73.733" errors="0" timestamp="2023-07-27T07:22:45 UTC" skipped="0">
  <testcase classname="org.justtestit.buggy.runner.TestNgRunner" name="runScenario" time="2.951"/>
  <system-out/>
  <testcase classname="org.justtestit.buggy.runner.TestNgRunner" name="runScenario" time="3.130"/>
  <system-out/>
  <testcase classname="org.justtestit.buggy.runner.TestNgRunner" name="runScenario" time="2.587"/>
  <system-out/>
  <testcase classname="org.justtestit.buggy.runner.TestNgRunner" name="runScenario" time="2.599"/>
  <system-out/>
  <testcase classname="org.justtestit.buggy.runner.TestNgRunner" name="runScenario" time="8.995"/>
  <system-out/>
  <testcase classname="org.justtestit.buggy.runner.TestNgRunner" name="runScenario" time="3.835"/>
  <system-out/>
  <testcase classname="org.justtestit.buggy.runner.TestNgRunner" name="runScenario" time="4.397"/>
  <system-out/>
  <testcase classname="org.justtestit.buggy.runner.TestNgRunner" name="runScenario" time="3.079"/>
  <system-out/>
  <testcase classname="org.justtestit.buggy.runner.TestNgRunner" name="runScenario" time="21.246"/>
  <system-out/>
  <testcase classname="org.justtestit.buggy.runner.TestNgRunner" name="runScenario" time="3.943"/>
  <system-out/>
  <testcase classname="org.justtestit.buggy.runner.TestNgRunner" name="runScenario" time="3.895"/>
  <system-out/>
  <testcase classname="org.justtestit.buggy.runner.TestNgRunner" name="runScenario" time="3.155"/>
  <system-out/>
  <testcase classname="org.justtestit.buggy.runner.TestNgRunner" name="runScenario" time="3.080"/>
  <system-out/>
  <testcase classname="org.justtestit.buggy.runner.TestNgRunner" name="runScenario" time="3.456"/>
  <system-out/>
  <testcase classname="org.justtestit.buggy.runner.TestNgRunner" name="runScenario" time="3.385"/>
  <system-out/>
</testsuite> <!-- org.justtestit.buggy.runner.TestNgRunner -->
