<?xml version="1.0" encoding="UTF-8"?>
<!-- Generated by org.testng.reporters.JUnitReportReporter -->
<testsuite hostname="fv-az741-887" failures="0" tests="15" name="org.justtestit.buggy.runner.TestNgRunner" time="64.433" errors="0" timestamp="2023-07-27T22:22:21 UTC" skipped="0">
  <testcase classname="org.justtestit.buggy.runner.TestNgRunner" name="runScenario" time="2.867"/>
  <system-out/>
  <testcase classname="org.justtestit.buggy.runner.TestNgRunner" name="runScenario" time="2.785"/>
  <system-out/>
  <testcase classname="org.justtestit.buggy.runner.TestNgRunner" name="runScenario" time="3.519"/>
  <system-out/>
  <testcase classname="org.justtestit.buggy.runner.TestNgRunner" name="runScenario" time="2.822"/>
  <system-out/>
  <testcase classname="org.justtestit.buggy.runner.TestNgRunner" name="runScenario" time="8.367"/>
  <system-out/>
  <testcase classname="org.justtestit.buggy.runner.TestNgRunner" name="runScenario" time="3.612"/>
  <system-out/>
  <testcase classname="org.justtestit.buggy.runner.TestNgRunner" name="runScenario" time="4.047"/>
  <system-out/>
  <testcase classname="org.justtestit.buggy.runner.TestNgRunner" name="runScenario" time="3.040"/>
  <system-out/>
  <testcase classname="org.justtestit.buggy.runner.TestNgRunner" name="runScenario" time="3.526"/>
  <system-out/>
  <testcase classname="org.justtestit.buggy.runner.TestNgRunner" name="runScenario" time="3.476"/>
  <system-out/>
  <testcase classname="org.justtestit.buggy.runner.TestNgRunner" name="runScenario" time="15.240"/>
  <system-out/>
  <testcase classname="org.justtestit.buggy.runner.TestNgRunner" name="runScenario" time="3.048"/>
  <system-out/>
  <testcase classname="org.justtestit.buggy.runner.TestNgRunner" name="runScenario" time="2.870"/>
  <system-out/>
  <testcase classname="org.justtestit.buggy.runner.TestNgRunner" name="runScenario" time="2.918"/>
  <system-out/>
  <testcase classname="org.justtestit.buggy.runner.TestNgRunner" name="runScenario" time="2.296"/>
  <system-out/>
</testsuite> <!-- org.justtestit.buggy.runner.TestNgRunner -->
