<?xml version="1.0" encoding="UTF-8"?>
<!-- Generated by org.testng.reporters.JUnitReportReporter -->
<testsuite hostname="fv-az363-815" failures="0" tests="15" name="org.justtestit.buggy.runner.TestNgRunner" time="66.363" errors="0" timestamp="2023-07-24T22:17:53 UTC" skipped="0">
  <testcase classname="org.justtestit.buggy.runner.TestNgRunner" name="runScenario" time="7.866"/>
  <system-out/>
  <testcase classname="org.justtestit.buggy.runner.TestNgRunner" name="runScenario" time="2.969"/>
  <system-out/>
  <testcase classname="org.justtestit.buggy.runner.TestNgRunner" name="runScenario" time="4.286"/>
  <system-out/>
  <testcase classname="org.justtestit.buggy.runner.TestNgRunner" name="runScenario" time="4.257"/>
  <system-out/>
  <testcase classname="org.justtestit.buggy.runner.TestNgRunner" name="runScenario" time="2.990"/>
  <system-out/>
  <testcase classname="org.justtestit.buggy.runner.TestNgRunner" name="runScenario" time="3.069"/>
  <system-out/>
  <testcase classname="org.justtestit.buggy.runner.TestNgRunner" name="runScenario" time="4.746"/>
  <system-out/>
  <testcase classname="org.justtestit.buggy.runner.TestNgRunner" name="runScenario" time="3.064"/>
  <system-out/>
  <testcase classname="org.justtestit.buggy.runner.TestNgRunner" name="runScenario" time="4.317"/>
  <system-out/>
  <testcase classname="org.justtestit.buggy.runner.TestNgRunner" name="runScenario" time="4.310"/>
  <system-out/>
  <testcase classname="org.justtestit.buggy.runner.TestNgRunner" name="runScenario" time="3.067"/>
  <system-out/>
  <testcase classname="org.justtestit.buggy.runner.TestNgRunner" name="runScenario" time="3.777"/>
  <system-out/>
  <testcase classname="org.justtestit.buggy.runner.TestNgRunner" name="runScenario" time="3.764"/>
  <system-out/>
  <testcase classname="org.justtestit.buggy.runner.TestNgRunner" name="runScenario" time="10.917"/>
  <system-out/>
  <testcase classname="org.justtestit.buggy.runner.TestNgRunner" name="runScenario" time="2.964"/>
  <system-out/>
</testsuite> <!-- org.justtestit.buggy.runner.TestNgRunner -->
