<?xml version="1.0" encoding="UTF-8"?>
<!-- Generated by org.testng.reporters.JUnitReportReporter -->
<testsuite hostname="fv-az1361-807" failures="0" tests="15" name="org.justtestit.buggy.runner.TestNgRunner" time="45.615" errors="0" timestamp="2025-04-12T08:18:41 UTC" skipped="0">
  <testcase classname="org.justtestit.buggy.runner.TestNgRunner" name="runScenario" time="2.778"/>
  <testcase classname="org.justtestit.buggy.runner.TestNgRunner" name="runScenario" time="7.366"/>
  <testcase classname="org.justtestit.buggy.runner.TestNgRunner" name="runScenario" time="3.201"/>
  <testcase classname="org.justtestit.buggy.runner.TestNgRunner" name="runScenario" time="3.690"/>
  <testcase classname="org.justtestit.buggy.runner.TestNgRunner" name="runScenario" time="2.464"/>
  <testcase classname="org.justtestit.buggy.runner.TestNgRunner" name="runScenario" time="2.058"/>
  <testcase classname="org.justtestit.buggy.runner.TestNgRunner" name="runScenario" time="2.558"/>
  <testcase classname="org.justtestit.buggy.runner.TestNgRunner" name="runScenario" time="5.664"/>
  <testcase classname="org.justtestit.buggy.runner.TestNgRunner" name="runScenario" time="2.149"/>
  <testcase classname="org.justtestit.buggy.runner.TestNgRunner" name="runScenario" time="2.166"/>
  <testcase classname="org.justtestit.buggy.runner.TestNgRunner" name="runScenario" time="2.477"/>
  <testcase classname="org.justtestit.buggy.runner.TestNgRunner" name="runScenario" time="2.131"/>
  <testcase classname="org.justtestit.buggy.runner.TestNgRunner" name="runScenario" time="2.152"/>
  <testcase classname="org.justtestit.buggy.runner.TestNgRunner" name="runScenario" time="2.061"/>
  <testcase classname="org.justtestit.buggy.runner.TestNgRunner" name="runScenario" time="2.700"/>
</testsuite> <!-- org.justtestit.buggy.runner.TestNgRunner -->
